  ▲ Next.js 14.2.35
  - Local:        http://localhost:3100

 ✓ Starting...
 ✓ Ready in 154ms
  ▲ Next.js 14.2.35
  - Local:        http://localhost:3100
  - Network:      http://0.0.0.0:3100

 ✓ Starting...
 ✓ Ready in 292ms
  ▲ Next.js 14.2.35
  - Local:        http://localhost:3100
  - Network:      http://0.0.0.0:3100

 ✓ Starting...
 ✓ Ready in 159ms
  ▲ Next.js 14.2.35
  - Local:        http://localhost:3100
  - Network:      http://0.0.0.0:3100

 ✓ Starting...
 ✓ Ready in 158ms
  ▲ Next.js 14.2.35
  - Local:        http://localhost:3100
  - Network:      http://0.0.0.0:3100

 ✓ Starting...
 ✓ Ready in 157ms
  ▲ Next.js 14.2.35
  - Local:        http://localhost:3100
  - Network:      http://0.0.0.0:3100

 ✓ Starting...
 ✓ Ready in 159ms
  ▲ Next.js 14.2.35
  - Local:        http://localhost:3100
  - Network:      http://0.0.0.0:3100

 ✓ Starting...
 ✓ Ready in 166ms
  ▲ Next.js 14.2.35
  - Local:        http://localhost:3100
  - Network:      http://0.0.0.0:3100

 ✓ Starting...
 ✓ Ready in 161ms
  ▲ Next.js 14.2.35
  - Local:        http://localhost:3100
  - Network:      http://0.0.0.0:3100

 ✓ Starting...
 ✓ Ready in 216ms
  ▲ Next.js 14.2.35
  - Local:        http://localhost:3100
  - Network:      http://0.0.0.0:3100

 ✓ Starting...
 ✓ Ready in 161ms
  ▲ Next.js 14.2.35
  - Local:        http://localhost:3100
  - Network:      http://0.0.0.0:3100

 ✓ Starting...
 ✓ Ready in 157ms
  ▲ Next.js 14.2.35
  - Local:        http://localhost:3100
  - Network:      http://0.0.0.0:3100

 ✓ Starting...
 ✓ Ready in 179ms
  ▲ Next.js 14.2.35
  - Local:        http://localhost:3100
  - Network:      http://0.0.0.0:3100

 ✓ Starting...
 ✓ Ready in 164ms
  ▲ Next.js 14.2.35
  - Local:        http://localhost:3100
  - Network:      http://0.0.0.0:3100

 ✓ Starting...
 ✓ Ready in 159ms
  ▲ Next.js 14.2.35
  - Local:        http://localhost:3100
  - Network:      http://0.0.0.0:3100

 ✓ Starting...
 ✓ Ready in 156ms
