=== Sync started at Sun Apr 26 08:00:03 EEST 2026 ===
[YouTube] Starting...
Fetching YouTube data for @albertodelviejo...
Channel ID: UCB3OOCkwBjVJSUWZHFAEpRg
Channel: 52 subs, 19224 views, 32 videos
Found 30 recent videos
Saved channel stats
Saved 30 videos to database
[YouTube] Done
[Instagram] Starting...
/Users/alberto/Library/Python/3.9/lib/python/site-packages/urllib3/__init__.py:35: NotOpenSSLWarning: urllib3 v2 only supports OpenSSL 1.1.1+, currently the 'ssl' module is compiled with 'LibreSSL 2.8.3'. See: https://github.com/urllib3/urllib3/issues/3020
  warnings.warn(
🔄 Fetching ALL Instagram posts for @albertodviejo...
Loaded session from /Users/alberto/.config/instaloader/session-albertodviejo.
✅ Session loaded
📊 @albertodviejo: 1113 followers, 48 posts
  📄 Page 1: 12 posts (total: 12)
  📄 Page 2: 12 posts (total: 24)
  📄 Page 3: 12 posts (total: 36)
  📄 Page 4: 12 posts (total: 48)

📥 Found 48 posts total
💾 Saved 48 posts to DB
📊 10 reels · 7 carruseles · 31 posts
[Instagram] Done
[Thumbnails] Caching...
📥 48 posts with remote thumbnails to cache
💾 Cached 48/48 thumbnails
[Thumbnails] Done
[News] Syncing RSS feeds...
{"synced":1057,"new":1057}
[News] Done
=== Sync completed at Sun Apr 26 08:00:33 EEST 2026 ===

