=== Sync started at Wed Apr  1 20:51:30 EEST 2026 ===
[YouTube] Starting...
Fetching YouTube data for @albertodelviejo...
Channel ID: UCB3OOCkwBjVJSUWZHFAEpRg
Channel: 50 subs, 18002 views, 28 videos
Found 28 recent videos
Saved channel stats
Saved 28 videos to database
[YouTube] Done
[Instagram] Starting...
/Users/alberto/Library/Python/3.9/lib/python/site-packages/urllib3/__init__.py:35: NotOpenSSLWarning: urllib3 v2 only supports OpenSSL 1.1.1+, currently the 'ssl' module is compiled with 'LibreSSL 2.8.3'. See: https://github.com/urllib3/urllib3/issues/3020
  warnings.warn(
🔄 Fetching ALL Instagram posts for @albertodviejo...
Loaded session from /Users/alberto/.config/instaloader/session-albertodviejo.
✅ Session loaded
📊 @albertodviejo: 1118 followers, 46 posts
  ❌ Feed error: 401

📥 Found 0 posts total
⚠️ No posts found
[Instagram] Done
[Thumbnails] Caching...
📥 0 posts with remote thumbnails to cache
💾 Cached 0/0 thumbnails
[Thumbnails] Done
[News] Syncing RSS feeds...
{"synced":1041,"new":1041}
[News] Done
=== Sync completed at Wed Apr  1 20:51:49 EEST 2026 ===

