=== Sync started at Wed Apr  8 08:00:05 EEST 2026 ===
[YouTube] Starting...
Fetching YouTube data for @albertodelviejo...
Channel ID: UCB3OOCkwBjVJSUWZHFAEpRg
Channel: 50 subs, 18020 views, 29 videos
Found 29 recent videos
Saved channel stats
Saved 29 videos to database
[YouTube] Done
[Instagram] Starting...
/Users/alberto/Library/Python/3.9/lib/python/site-packages/urllib3/__init__.py:35: NotOpenSSLWarning: urllib3 v2 only supports OpenSSL 1.1.1+, currently the 'ssl' module is compiled with 'LibreSSL 2.8.3'. See: https://github.com/urllib3/urllib3/issues/3020
  warnings.warn(
🔄 Fetching ALL Instagram posts for @albertodviejo...
Loaded session from /Users/alberto/.config/instaloader/session-albertodviejo.
✅ Session loaded
📊 @albertodviejo: 1122 followers, 46 posts
  📄 Page 1: 12 posts (total: 12)
  📄 Page 2: 12 posts (total: 24)
  ❌ Feed error: 401

📥 Found 24 posts total
💾 Saved 24 posts to DB
📊 8 reels · 4 carruseles · 12 posts
[Instagram] Done
[Thumbnails] Caching...
📥 24 posts with remote thumbnails to cache
💾 Cached 24/24 thumbnails
[Thumbnails] Done
[News] Syncing RSS feeds...
{"synced":1045,"new":1045}
[News] Done
=== Sync completed at Wed Apr  8 08:00:31 EEST 2026 ===

=== Sync started at Wed Apr  8 20:00:03 EEST 2026 ===
[YouTube] Starting...
Fetching YouTube data for @albertodelviejo...
Channel ID: UCB3OOCkwBjVJSUWZHFAEpRg
Channel: 50 subs, 18020 views, 29 videos
Found 29 recent videos
Saved channel stats
Saved 29 videos to database
npm notice
npm notice New minor version of npm available! 11.6.2 -> 11.12.1
npm notice Changelog: https://github.com/npm/cli/releases/tag/v11.12.1
npm notice To update run: npm install -g npm@11.12.1
npm notice
[YouTube] Done
[Instagram] Starting...
/Users/alberto/Library/Python/3.9/lib/python/site-packages/urllib3/__init__.py:35: NotOpenSSLWarning: urllib3 v2 only supports OpenSSL 1.1.1+, currently the 'ssl' module is compiled with 'LibreSSL 2.8.3'. See: https://github.com/urllib3/urllib3/issues/3020
  warnings.warn(
🔄 Fetching ALL Instagram posts for @albertodviejo...
Loaded session from /Users/alberto/.config/instaloader/session-albertodviejo.
✅ Session loaded
📊 @albertodviejo: 1122 followers, 46 posts
  📄 Page 1: 12 posts (total: 12)
  ❌ Feed error: 401

📥 Found 12 posts total
💾 Saved 12 posts to DB
📊 7 reels · 1 carruseles · 4 posts
[Instagram] Done
[Thumbnails] Caching...
📥 12 posts with remote thumbnails to cache
💾 Cached 12/12 thumbnails
[Thumbnails] Done
[News] Syncing RSS feeds...
{"synced":1044,"new":1044}
[News] Done
=== Sync completed at Wed Apr  8 20:00:28 EEST 2026 ===

