=== Sync started at Sun Apr 19 08:00:01 EEST 2026 ===
[YouTube] Starting...
Fetching YouTube data for @albertodelviejo...
Channel ID: UCB3OOCkwBjVJSUWZHFAEpRg
Channel: 50 subs, 18034 views, 29 videos
Found 29 recent videos
Saved channel stats
Saved 29 videos to database
[YouTube] Done
[Instagram] Starting...
/Users/alberto/Library/Python/3.9/lib/python/site-packages/urllib3/__init__.py:35: NotOpenSSLWarning: urllib3 v2 only supports OpenSSL 1.1.1+, currently the 'ssl' module is compiled with 'LibreSSL 2.8.3'. See: https://github.com/urllib3/urllib3/issues/3020
  warnings.warn(
🔄 Fetching ALL Instagram posts for @albertodviejo...
Loaded session from /Users/alberto/.config/instaloader/session-albertodviejo.
✅ Session loaded
📊 @albertodviejo: 1120 followers, 46 posts
  📄 Page 1: 12 posts (total: 12)
  📄 Page 2: 12 posts (total: 24)
  📄 Page 3: 12 posts (total: 36)
  📄 Page 4: 10 posts (total: 46)

📥 Found 46 posts total
💾 Saved 46 posts to DB
📊 8 reels · 7 carruseles · 31 posts
[Instagram] Done
[Thumbnails] Caching...
📥 46 posts with remote thumbnails to cache
💾 Cached 46/46 thumbnails
[Thumbnails] Done
[News] Syncing RSS feeds...
{"synced":1080,"new":1080}
[News] Done
=== Sync completed at Sun Apr 19 08:00:37 EEST 2026 ===

=== Sync started at Sun Apr 19 20:00:05 EEST 2026 ===
[YouTube] Starting...
Fetching YouTube data for @albertodelviejo...
Channel ID: UCB3OOCkwBjVJSUWZHFAEpRg
Channel: 50 subs, 18037 views, 29 videos
Found 29 recent videos
Saved channel stats
Saved 29 videos to database
[YouTube] Done
[Instagram] Starting...
/Users/alberto/Library/Python/3.9/lib/python/site-packages/urllib3/__init__.py:35: NotOpenSSLWarning: urllib3 v2 only supports OpenSSL 1.1.1+, currently the 'ssl' module is compiled with 'LibreSSL 2.8.3'. See: https://github.com/urllib3/urllib3/issues/3020
  warnings.warn(
🔄 Fetching ALL Instagram posts for @albertodviejo...
Loaded session from /Users/alberto/.config/instaloader/session-albertodviejo.
✅ Session loaded
📊 @albertodviejo: 1120 followers, 46 posts
  ❌ Feed error: 401

📥 Found 0 posts total
⚠️ No posts found
[Instagram] Done
[Thumbnails] Caching...
📥 0 posts with remote thumbnails to cache
💾 Cached 0/0 thumbnails
[Thumbnails] Done
[News] Syncing RSS feeds...
{"synced":1080,"new":1080}
[News] Done
=== Sync completed at Sun Apr 19 20:00:27 EEST 2026 ===

