=== Sync started at Wed Apr 15 08:00:04 EEST 2026 ===
[YouTube] Starting...
Fetching YouTube data for @albertodelviejo...
Channel ID: UCB3OOCkwBjVJSUWZHFAEpRg
Channel: 50 subs, 18028 views, 29 videos
Found 29 recent videos
Saved channel stats
Saved 29 videos to database
[YouTube] Done
[Instagram] Starting...
/Users/alberto/Library/Python/3.9/lib/python/site-packages/urllib3/__init__.py:35: NotOpenSSLWarning: urllib3 v2 only supports OpenSSL 1.1.1+, currently the 'ssl' module is compiled with 'LibreSSL 2.8.3'. See: https://github.com/urllib3/urllib3/issues/3020
  warnings.warn(
🔄 Fetching ALL Instagram posts for @albertodviejo...
Loaded session from /Users/alberto/.config/instaloader/session-albertodviejo.
✅ Session loaded
📊 @albertodviejo: 1123 followers, 46 posts
  📄 Page 1: 12 posts (total: 12)
  ❌ Feed error: 401

📥 Found 12 posts total
💾 Saved 12 posts to DB
📊 7 reels · 1 carruseles · 4 posts
[Instagram] Done
[Thumbnails] Caching...
📥 12 posts with remote thumbnails to cache
💾 Cached 12/12 thumbnails
[Thumbnails] Done
[News] Syncing RSS feeds...
{"synced":1066,"new":1066}
[News] Done
=== Sync completed at Wed Apr 15 08:00:28 EEST 2026 ===

=== Sync started at Wed Apr 15 20:00:02 EEST 2026 ===
[YouTube] Starting...
Fetching YouTube data for @albertodelviejo...
Channel ID: UCB3OOCkwBjVJSUWZHFAEpRg
Channel: 50 subs, 18030 views, 29 videos
Found 29 recent videos
Saved channel stats
Saved 29 videos to database
[YouTube] Done
[Instagram] Starting...
/Users/alberto/Library/Python/3.9/lib/python/site-packages/urllib3/__init__.py:35: NotOpenSSLWarning: urllib3 v2 only supports OpenSSL 1.1.1+, currently the 'ssl' module is compiled with 'LibreSSL 2.8.3'. See: https://github.com/urllib3/urllib3/issues/3020
  warnings.warn(
🔄 Fetching ALL Instagram posts for @albertodviejo...
Loaded session from /Users/alberto/.config/instaloader/session-albertodviejo.
✅ Session loaded
📊 @albertodviejo: 1121 followers, 46 posts
  📄 Page 1: 12 posts (total: 12)
  📄 Page 2: 12 posts (total: 24)
  📄 Page 3: 12 posts (total: 36)
  📄 Page 4: 10 posts (total: 46)

📥 Found 46 posts total
💾 Saved 46 posts to DB
📊 8 reels · 7 carruseles · 31 posts
[Instagram] Done
[Thumbnails] Caching...
📥 46 posts with remote thumbnails to cache
  ✅ CR0vujyD0ya (350KB)
  ✅ CRuY3neDFGW (161KB)
  ✅ CBIfHa8KXd2 (174KB)
  ✅ B2KUmyeCbzR (188KB)
  ✅ B1PLdVDl5tN (51KB)
  ✅ B01HvbjluUJ (192KB)
  ✅ B0zALG4F29_ (186KB)
  ✅ ByF2JnDC_Zr (114KB)
  ✅ BxXwqQxlq0j (95KB)
  ✅ BvSKKiFnL4S (126KB)
💾 Cached 46/46 thumbnails
[Thumbnails] Done
[News] Syncing RSS feeds...
{"synced":1066,"new":1066}
[News] Done
=== Sync completed at Wed Apr 15 20:00:40 EEST 2026 ===

