=== Sync started at Thu Apr 23 08:00:03 EEST 2026 ===
[YouTube] Starting...
Fetching YouTube data for @albertodelviejo...
Channel ID: UCB3OOCkwBjVJSUWZHFAEpRg
Channel: 52 subs, 18039 views, 31 videos
Found 30 recent videos
Saved channel stats
Saved 30 videos to database
[YouTube] Done
[Instagram] Starting...
/Users/alberto/Library/Python/3.9/lib/python/site-packages/urllib3/__init__.py:35: NotOpenSSLWarning: urllib3 v2 only supports OpenSSL 1.1.1+, currently the 'ssl' module is compiled with 'LibreSSL 2.8.3'. See: https://github.com/urllib3/urllib3/issues/3020
  warnings.warn(
🔄 Fetching ALL Instagram posts for @albertodviejo...
Loaded session from /Users/alberto/.config/instaloader/session-albertodviejo.
✅ Session loaded
📊 @albertodviejo: 1113 followers, 47 posts
  📄 Page 1: 12 posts (total: 12)
  ❌ Feed error: 401

📥 Found 12 posts total
💾 Saved 12 posts to DB
📊 8 reels · 1 carruseles · 3 posts
[Instagram] Done
[Thumbnails] Caching...
📥 12 posts with remote thumbnails to cache
  ✅ DXb_GMsEVF1 (45KB)
💾 Cached 12/12 thumbnails
[Thumbnails] Done
[News] Syncing RSS feeds...
{"synced":1048,"new":1048}
[News] Done
=== Sync completed at Thu Apr 23 08:00:27 EEST 2026 ===

=== Sync started at Thu Apr 23 20:00:02 EEST 2026 ===
[YouTube] Starting...
Fetching YouTube data for @albertodelviejo...
Error: fetch failed
[YouTube] Done
[Instagram] Starting...
/Users/alberto/Library/Python/3.9/lib/python/site-packages/urllib3/__init__.py:35: NotOpenSSLWarning: urllib3 v2 only supports OpenSSL 1.1.1+, currently the 'ssl' module is compiled with 'LibreSSL 2.8.3'. See: https://github.com/urllib3/urllib3/issues/3020
  warnings.warn(
🔄 Fetching ALL Instagram posts for @albertodviejo...
Loaded session from /Users/alberto/.config/instaloader/session-albertodviejo.
✅ Session loaded
Traceback (most recent call last):
  File "/Users/alberto/Library/Python/3.9/lib/python/site-packages/urllib3/connection.py", line 198, in _new_conn
    sock = connection.create_connection(
  File "/Users/alberto/Library/Python/3.9/lib/python/site-packages/urllib3/util/connection.py", line 60, in create_connection
    for res in socket.getaddrinfo(host, port, family, socket.SOCK_STREAM):
  File "/Library/Developer/CommandLineTools/Library/Frameworks/Python3.framework/Versions/3.9/lib/python3.9/socket.py", line 953, in getaddrinfo
    for res in _socket.getaddrinfo(host, port, family, type, proto, flags):
socket.gaierror: [Errno 8] nodename nor servname provided, or not known

The above exception was the direct cause of the following exception:

Traceback (most recent call last):
  File "/Users/alberto/Library/Python/3.9/lib/python/site-packages/urllib3/connectionpool.py", line 787, in urlopen
    response = self._make_request(
  File "/Users/alberto/Library/Python/3.9/lib/python/site-packages/urllib3/connectionpool.py", line 488, in _make_request
    raise new_e
  File "/Users/alberto/Library/Python/3.9/lib/python/site-packages/urllib3/connectionpool.py", line 464, in _make_request
    self._validate_conn(conn)
  File "/Users/alberto/Library/Python/3.9/lib/python/site-packages/urllib3/connectionpool.py", line 1093, in _validate_conn
    conn.connect()
  File "/Users/alberto/Library/Python/3.9/lib/python/site-packages/urllib3/connection.py", line 704, in connect
    self.sock = sock = self._new_conn()
  File "/Users/alberto/Library/Python/3.9/lib/python/site-packages/urllib3/connection.py", line 205, in _new_conn
    raise NameResolutionError(self.host, self, e) from e
urllib3.exceptions.NameResolutionError: <urllib3.connection.HTTPSConnection object at 0x10628c8e0>: Failed to resolve 'i.instagram.com' ([Errno 8] nodename nor servname provided, or not known)

The above exception was the direct cause of the following exception:

Traceback (most recent call last):
  File "/Users/alberto/Library/Python/3.9/lib/python/site-packages/requests/adapters.py", line 486, in send
    resp = conn.urlopen(
  File "/Users/alberto/Library/Python/3.9/lib/python/site-packages/urllib3/connectionpool.py", line 841, in urlopen
    retries = retries.increment(
  File "/Users/alberto/Library/Python/3.9/lib/python/site-packages/urllib3/util/retry.py", line 519, in increment
    raise MaxRetryError(_pool, url, reason) from reason  # type: ignore[arg-type]
urllib3.exceptions.MaxRetryError: HTTPSConnectionPool(host='i.instagram.com', port=443): Max retries exceeded with url: /api/v1/users/web_profile_info/?username=albertodviejo (Caused by NameResolutionError("<urllib3.connection.HTTPSConnection object at 0x10628c8e0>: Failed to resolve 'i.instagram.com' ([Errno 8] nodename nor servname provided, or not known)"))

During handling of the above exception, another exception occurred:

Traceback (most recent call last):
  File "/Users/alberto/creator-analytics-dashboard/scripts/fetch-instagram.py", line 180, in <module>
    user_id = get_user_id(session, username)
  File "/Users/alberto/creator-analytics-dashboard/scripts/fetch-instagram.py", line 60, in get_user_id
    resp = session.get(
  File "/Users/alberto/Library/Python/3.9/lib/python/site-packages/requests/sessions.py", line 602, in get
    return self.request("GET", url, **kwargs)
  File "/Users/alberto/Library/Python/3.9/lib/python/site-packages/requests/sessions.py", line 589, in request
    resp = self.send(prep, **send_kwargs)
  File "/Users/alberto/Library/Python/3.9/lib/python/site-packages/requests/sessions.py", line 703, in send
    r = adapter.send(request, **kwargs)
  File "/Users/alberto/Library/Python/3.9/lib/python/site-packages/requests/adapters.py", line 519, in send
    raise ConnectionError(e, request=request)
requests.exceptions.ConnectionError: HTTPSConnectionPool(host='i.instagram.com', port=443): Max retries exceeded with url: /api/v1/users/web_profile_info/?username=albertodviejo (Caused by NameResolutionError("<urllib3.connection.HTTPSConnection object at 0x10628c8e0>: Failed to resolve 'i.instagram.com' ([Errno 8] nodename nor servname provided, or not known)"))
[Instagram] Done
[Thumbnails] Caching...
📥 0 posts with remote thumbnails to cache
💾 Cached 0/0 thumbnails
[Thumbnails] Done
[News] Syncing RSS feeds...
{"synced":0,"new":0}
[News] Done
=== Sync completed at Thu Apr 23 20:06:44 EEST 2026 ===

